This file contains any messages produced by compilers while
running configure, to aid debugging if configure makes a mistake.

It was created by configure, which was
generated by GNU Autoconf 2.59.  Invocation command line was

  $ ./configure 

## --------- ##
## Platform. ##
## --------- ##

hostname = adm-125488
uname -m = x86_64
uname -r = 5.3.0-51-generic
uname -s = Linux
uname -v = #44-Ubuntu SMP Wed Apr 22 21:09:44 UTC 2020

/usr/bin/uname -p = unknown
/bin/uname -X     = unknown

/bin/arch              = unknown
/usr/bin/arch -k       = unknown
/usr/convex/getsysinfo = unknown
hostinfo               = unknown
/bin/machine           = unknown
/usr/bin/oslevel       = unknown
/bin/universe          = unknown

PATH: /usr/local/sbin
PATH: /usr/local/bin
PATH: /usr/sbin
PATH: /usr/bin
PATH: /sbin
PATH: /bin
PATH: /usr/games
PATH: /usr/local/games
PATH: /snap/bin
PATH: /opt/puppetlabs/bin


## ----------- ##
## Core tests. ##
## ----------- ##

configure:1345: checking for C++ compiler version
configure:1348: g++ -std=gnu++11 --version </dev/null >&5
g++ (Ubuntu 9.2.1-9ubuntu2) 9.2.1 20191008
Copyright (C) 2019 Free Software Foundation, Inc.
This is free software; see the source for copying conditions.  There is NO
warranty; not even for MERCHANTABILITY or FITNESS FOR A PARTICULAR PURPOSE.

configure:1351: $? = 0
configure:1353: g++ -std=gnu++11 -v </dev/null >&5
Using built-in specs.
COLLECT_GCC=g++
COLLECT_LTO_WRAPPER=/usr/lib/gcc/x86_64-linux-gnu/9/lto-wrapper
OFFLOAD_TARGET_NAMES=nvptx-none:hsa
OFFLOAD_TARGET_DEFAULT=1
Target: x86_64-linux-gnu
Configured with: ../src/configure -v --with-pkgversion='Ubuntu 9.2.1-9ubuntu2' --with-bugurl=file:///usr/share/doc/gcc-9/README.Bugs --enable-languages=c,ada,c++,go,brig,d,fortran,objc,obj-c++,gm2 --prefix=/usr --with-gcc-major-version-only --program-suffix=-9 --program-prefix=x86_64-linux-gnu- --enable-shared --enable-linker-build-id --libexecdir=/usr/lib --without-included-gettext --enable-threads=posix --libdir=/usr/lib --enable-nls --enable-bootstrap --enable-clocale=gnu --enable-libstdcxx-debug --enable-libstdcxx-time=yes --with-default-libstdcxx-abi=new --enable-gnu-unique-object --disable-vtable-verify --enable-plugin --enable-default-pie --with-system-zlib --with-target-system-zlib=auto --enable-multiarch --disable-werror --with-arch-32=i686 --with-abi=m64 --with-multilib-list=m32,m64,mx32 --enable-multilib --with-tune=generic --enable-offload-targets=nvptx-none,hsa --without-cuda-driver --enable-checking=release --build=x86_64-linux-gnu --host=x86_64-linux-gnu --target=x86_64-linux-gnu
Thread model: posix
gcc version 9.2.1 20191008 (Ubuntu 9.2.1-9ubuntu2) 
configure:1356: $? = 0
configure:1358: g++ -std=gnu++11 -V </dev/null >&5
g++: error: unrecognized command line option '-V'
g++: fatal error: no input files
compilation terminated.
configure:1361: $? = 1
configure:1384: checking for C++ compiler default output file name
configure:1387: g++ -std=gnu++11    conftest.cc  >&5
configure:1390: $? = 0
configure:1436: result: a.out
configure:1441: checking whether the C++ compiler works
configure:1447: ./a.out
configure:1450: $? = 0
configure:1467: result: yes
configure:1474: checking whether we are cross compiling
configure:1476: result: no
configure:1479: checking for suffix of executables
configure:1481: g++ -std=gnu++11 -o conftest    conftest.cc  >&5
configure:1484: $? = 0
configure:1509: result: 
configure:1515: checking for suffix of object files
configure:1536: g++ -std=gnu++11 -c   conftest.cc >&5
configure:1539: $? = 0
configure:1561: result: o
configure:1565: checking whether we are using the GNU C++ compiler
configure:1589: g++ -std=gnu++11 -c   conftest.cc >&5
configure:1595: $? = 0
configure:1598: test -z 			 || test ! -s conftest.err
configure:1601: $? = 0
configure:1604: test -s conftest.o
configure:1607: $? = 0
configure:1620: result: yes
configure:1626: checking whether g++ -std=gnu++11 accepts -g
configure:1647: g++ -std=gnu++11 -c -g  conftest.cc >&5
configure:1653: $? = 0
configure:1656: test -z 			 || test ! -s conftest.err
configure:1659: $? = 0
configure:1662: test -s conftest.o
configure:1665: $? = 0
configure:1676: result: yes
configure:1718: g++ -std=gnu++11 -c -g -O2  conftest.cc >&5
configure:1724: $? = 0
configure:1727: test -z 			 || test ! -s conftest.err
configure:1730: $? = 0
configure:1733: test -s conftest.o
configure:1736: $? = 0
configure:1762: g++ -std=gnu++11 -c -g -O2  conftest.cc >&5
conftest.cc: In function 'int main()':
conftest.cc:13:1: error: 'exit' was not declared in this scope
   13 | exit (42);
      | ^~~~
configure:1768: $? = 1
configure: failed program was:
| /* confdefs.h.  */
| 
| #define PACKAGE_NAME ""
| #define PACKAGE_TARNAME ""
| #define PACKAGE_VERSION ""
| #define PACKAGE_STRING ""
| #define PACKAGE_BUGREPORT ""
| /* end confdefs.h.  */
| 
| int
| main ()
| {
| exit (42);
|   ;
|   return 0;
| }
configure:1718: g++ -std=gnu++11 -c -g -O2  conftest.cc >&5
configure:1724: $? = 0
configure:1727: test -z 			 || test ! -s conftest.err
configure:1730: $? = 0
configure:1733: test -s conftest.o
configure:1736: $? = 0
configure:1762: g++ -std=gnu++11 -c -g -O2  conftest.cc >&5
configure:1768: $? = 0
configure:1771: test -z 			 || test ! -s conftest.err
configure:1774: $? = 0
configure:1777: test -s conftest.o
configure:1780: $? = 0

## ---------------- ##
## Cache variables. ##
## ---------------- ##

ac_cv_cxx_compiler_gnu=yes
ac_cv_env_CPPFLAGS_set=
ac_cv_env_CPPFLAGS_value=
ac_cv_env_CXXFLAGS_set=
ac_cv_env_CXXFLAGS_value=
ac_cv_env_CXX_set=
ac_cv_env_CXX_value=
ac_cv_env_LDFLAGS_set=
ac_cv_env_LDFLAGS_value=
ac_cv_env_build_alias_set=
ac_cv_env_build_alias_value=
ac_cv_env_host_alias_set=
ac_cv_env_host_alias_value=
ac_cv_env_target_alias_set=
ac_cv_env_target_alias_value=
ac_cv_exeext=
ac_cv_objext=o
ac_cv_prog_cxx_g=yes

## ----------------- ##
## Output variables. ##
## ----------------- ##

CPPFLAGS=''
CXX='g++ -std=gnu++11'
CXXFLAGS='-g -O2'
DEFS=''
ECHO_C=''
ECHO_N='-n'
ECHO_T=''
EXEEXT=''
LDFLAGS=''
LIBS=''
OBJEXT='o'
PACKAGE_BUGREPORT=''
PACKAGE_NAME=''
PACKAGE_STRING=''
PACKAGE_TARNAME=''
PACKAGE_VERSION=''
PATH_SEPARATOR=':'
SHELL='/bin/bash'
ac_ct_CXX=''
bindir='${exec_prefix}/bin'
build_alias=''
datadir='${prefix}/share'
exec_prefix='NONE'
host_alias=''
includedir='${prefix}/include'
infodir='${prefix}/info'
libdir='${exec_prefix}/lib'
libexecdir='${exec_prefix}/libexec'
localstatedir='${prefix}/var'
mandir='${prefix}/man'
oldincludedir='/usr/include'
prefix='NONE'
program_transform_name='s,x,x,'
sbindir='${exec_prefix}/sbin'
sharedstatedir='${prefix}/com'
sysconfdir='${prefix}/etc'
target_alias=''

## ----------- ##
## confdefs.h. ##
## ----------- ##

#define PACKAGE_BUGREPORT ""
#define PACKAGE_NAME ""
#define PACKAGE_STRING ""
#define PACKAGE_TARNAME ""
#define PACKAGE_VERSION ""
#endif
#ifdef __cplusplus
extern "C" void std::exit (int) throw (); using std::exit;

configure: exit 0
